<?xml version="1.0" encoding="UTF-8"?>
<testsuite xmlns:xsi="http://www.w3.org/2001/XMLSchema-instance" xsi:noNamespaceSchemaLocation="https://maven.apache.org/surefire/maven-surefire-plugin/xsd/surefire-test-report-3.0.xsd" version="3.0" name="TestSuite" time="27.216" tests="1" errors="0" skipped="0" failures="0">
  <properties>
    <property name="sun.desktop" value="windows"/>
    <property name="awt.toolkit" value="sun.awt.windows.WToolkit"/>
    <property name="file.encoding.pkg" value="sun.io"/>
    <property name="java.specification.version" value="1.8"/>
    <property name="sun.cpu.isalist" value="amd64"/>
    <property name="sun.jnu.encoding" value="Cp1252"/>
    <property name="java.class.path" value="C:\Users\admin\eclipse-workspace\HTMLCanvasProject\target\test-classes;C:\Users\admin\eclipse-workspace\HTMLCanvasProject\target\classes;C:\Users\admin\.m2\repository\org\seleniumhq\selenium\selenium-java\4.0.0-beta-1\selenium-java-4.0.0-beta-1.jar;C:\Users\admin\.m2\repository\org\seleniumhq\selenium\selenium-api\4.0.0-beta-1\selenium-api-4.0.0-beta-1.jar;C:\Users\admin\.m2\repository\org\seleniumhq\selenium\selenium-chrome-driver\4.0.0-beta-1\selenium-chrome-driver-4.0.0-beta-1.jar;C:\Users\admin\.m2\repository\com\google\auto\service\auto-service-annotations\1.0-rc7\auto-service-annotations-1.0-rc7.jar;C:\Users\admin\.m2\repository\com\google\auto\service\auto-service\1.0-rc7\auto-service-1.0-rc7.jar;C:\Users\admin\.m2\repository\com\google\auto\auto-common\0.10\auto-common-0.10.jar;C:\Users\admin\.m2\repository\com\google\guava\guava\30.1-jre\guava-30.1-jre.jar;C:\Users\admin\.m2\repository\com\google\guava\failureaccess\1.0.1\failureaccess-1.0.1.jar;C:\Users\admin\.m2\repository\com\google\guava\listenablefuture\9999.0-empty-to-avoid-conflict-with-guava\listenablefuture-9999.0-empty-to-avoid-conflict-with-guava.jar;C:\Users\admin\.m2\repository\com\google\code\findbugs\jsr305\3.0.2\jsr305-3.0.2.jar;C:\Users\admin\.m2\repository\org\checkerframework\checker-qual\3.5.0\checker-qual-3.5.0.jar;C:\Users\admin\.m2\repository\com\google\errorprone\error_prone_annotations\2.3.4\error_prone_annotations-2.3.4.jar;C:\Users\admin\.m2\repository\com\google\j2objc\j2objc-annotations\1.3\j2objc-annotations-1.3.jar;C:\Users\admin\.m2\repository\org\seleniumhq\selenium\selenium-chromium-driver\4.0.0-beta-1\selenium-chromium-driver-4.0.0-beta-1.jar;C:\Users\admin\.m2\repository\org\seleniumhq\selenium\selenium-devtools\4.0.0-beta-1\selenium-devtools-4.0.0-beta-1.jar;C:\Users\admin\.m2\repository\org\seleniumhq\selenium\selenium-http\4.0.0-beta-1\selenium-http-4.0.0-beta-1.jar;C:\Users\admin\.m2\repository\org\seleniumhq\selenium\selenium-json\4.0.0-beta-1\selenium-json-4.0.0-beta-1.jar;C:\Users\admin\.m2\repository\org\seleniumhq\selenium\selenium-devtools-v86\4.0.0-beta-1\selenium-devtools-v86-4.0.0-beta-1.jar;C:\Users\admin\.m2\repository\org\seleniumhq\selenium\selenium-devtools-v87\4.0.0-beta-1\selenium-devtools-v87-4.0.0-beta-1.jar;C:\Users\admin\.m2\repository\org\seleniumhq\selenium\selenium-devtools-v88\4.0.0-beta-1\selenium-devtools-v88-4.0.0-beta-1.jar;C:\Users\admin\.m2\repository\org\seleniumhq\selenium\selenium-devtools-v89\4.0.0-beta-1\selenium-devtools-v89-4.0.0-beta-1.jar;C:\Users\admin\.m2\repository\org\seleniumhq\selenium\selenium-edge-driver\4.0.0-beta-1\selenium-edge-driver-4.0.0-beta-1.jar;C:\Users\admin\.m2\repository\org\seleniumhq\selenium\selenium-firefox-driver\4.0.0-beta-1\selenium-firefox-driver-4.0.0-beta-1.jar;C:\Users\admin\.m2\repository\org\seleniumhq\selenium\selenium-firefox-xpi-driver\4.0.0-beta-1\selenium-firefox-xpi-driver-4.0.0-beta-1.jar;C:\Users\admin\.m2\repository\org\seleniumhq\selenium\selenium-ie-driver\4.0.0-beta-1\selenium-ie-driver-4.0.0-beta-1.jar;C:\Users\admin\.m2\repository\org\seleniumhq\selenium\selenium-opera-driver\4.0.0-beta-1\selenium-opera-driver-4.0.0-beta-1.jar;C:\Users\admin\.m2\repository\org\seleniumhq\selenium\selenium-remote-driver\4.0.0-beta-1\selenium-remote-driver-4.0.0-beta-1.jar;C:\Users\admin\.m2\repository\io\netty\netty-buffer\4.1.58.Final\netty-buffer-4.1.58.Final.jar;C:\Users\admin\.m2\repository\io\netty\netty-codec-http\4.1.58.Final\netty-codec-http-4.1.58.Final.jar;C:\Users\admin\.m2\repository\io\netty\netty-codec\4.1.58.Final\netty-codec-4.1.58.Final.jar;C:\Users\admin\.m2\repository\io\netty\netty-handler\4.1.58.Final\netty-handler-4.1.58.Final.jar;C:\Users\admin\.m2\repository\io\netty\netty-common\4.1.58.Final\netty-common-4.1.58.Final.jar;C:\Users\admin\.m2\repository\io\netty\netty-transport-native-epoll\4.1.58.Final\netty-transport-native-epoll-4.1.58.Final.jar;C:\Users\admin\.m2\repository\io\netty\netty-transport-native-kqueue\4.1.58.Final\netty-transport-native-kqueue-4.1.58.Final.jar;C:\Users\admin\.m2\repository\io\netty\netty-transport-native-unix-common\4.1.58.Final\netty-transport-native-unix-common-4.1.58.Final.jar;C:\Users\admin\.m2\repository\io\netty\netty-transport\4.1.58.Final\netty-transport-4.1.58.Final.jar;C:\Users\admin\.m2\repository\io\netty\netty-resolver\4.1.58.Final\netty-resolver-4.1.58.Final.jar;C:\Users\admin\.m2\repository\io\opentelemetry\opentelemetry-api\0.14.1\opentelemetry-api-0.14.1.jar;C:\Users\admin\.m2\repository\io\opentelemetry\opentelemetry-context\0.14.1\opentelemetry-context-0.14.1.jar;C:\Users\admin\.m2\repository\io\opentelemetry\opentelemetry-exporter-logging\0.14.1\opentelemetry-exporter-logging-0.14.1.jar;C:\Users\admin\.m2\repository\io\opentelemetry\opentelemetry-sdk-metrics\0.14.1-alpha\opentelemetry-sdk-metrics-0.14.1-alpha.jar;C:\Users\admin\.m2\repository\io\opentelemetry\opentelemetry-sdk-common\0.14.1\opentelemetry-sdk-common-0.14.1.jar;C:\Users\admin\.m2\repository\io\opentelemetry\opentelemetry-sdk-trace\0.14.1\opentelemetry-sdk-trace-0.14.1.jar;C:\Users\admin\.m2\repository\io\opentelemetry\opentelemetry-api-metrics\0.14.1-alpha\opentelemetry-api-metrics-0.14.1-alpha.jar;C:\Users\admin\.m2\repository\io\opentelemetry\opentelemetry-sdk\0.14.1\opentelemetry-sdk-0.14.1.jar;C:\Users\admin\.m2\repository\io\opentelemetry\opentelemetry-semconv\0.14.1\opentelemetry-semconv-0.14.1.jar;C:\Users\admin\.m2\repository\net\bytebuddy\byte-buddy\1.10.19\byte-buddy-1.10.19.jar;C:\Users\admin\.m2\repository\org\apache\commons\commons-exec\1.3\commons-exec-1.3.jar;C:\Users\admin\.m2\repository\org\asynchttpclient\async-http-client\2.12.2\async-http-client-2.12.2.jar;C:\Users\admin\.m2\repository\org\asynchttpclient\async-http-client-netty-utils\2.12.2\async-http-client-netty-utils-2.12.2.jar;C:\Users\admin\.m2\repository\io\netty\netty-codec-socks\4.1.53.Final\netty-codec-socks-4.1.53.Final.jar;C:\Users\admin\.m2\repository\io\netty\netty-handler-proxy\4.1.53.Final\netty-handler-proxy-4.1.53.Final.jar;C:\Users\admin\.m2\repository\io\netty\netty-transport-native-epoll\4.1.53.Final\netty-transport-native-epoll-4.1.53.Final-linux-x86_64.jar;C:\Users\admin\.m2\repository\io\netty\netty-transport-native-kqueue\4.1.53.Final\netty-transport-native-kqueue-4.1.53.Final-osx-x86_64.jar;C:\Users\admin\.m2\repository\org\reactivestreams\reactive-streams\1.0.3\reactive-streams-1.0.3.jar;C:\Users\admin\.m2\repository\com\typesafe\netty\netty-reactive-streams\2.0.4\netty-reactive-streams-2.0.4.jar;C:\Users\admin\.m2\repository\com\sun\activation\jakarta.activation\1.2.2\jakarta.activation-1.2.2.jar;C:\Users\admin\.m2\repository\org\seleniumhq\selenium\selenium-safari-driver\4.0.0-beta-1\selenium-safari-driver-4.0.0-beta-1.jar;C:\Users\admin\.m2\repository\org\seleniumhq\selenium\selenium-support\4.0.0-beta-1\selenium-support-4.0.0-beta-1.jar;C:\Users\admin\.m2\repository\org\testng\testng\7.0.0\testng-7.0.0.jar;C:\Users\admin\.m2\repository\com\beust\jcommander\1.72\jcommander-1.72.jar;C:\Users\admin\.m2\repository\io\github\bonigarcia\webdrivermanager\4.3.1\webdrivermanager-4.3.1.jar;C:\Users\admin\.m2\repository\org\slf4j\slf4j-api\1.7.30\slf4j-api-1.7.30.jar;C:\Users\admin\.m2\repository\commons-io\commons-io\2.8.0\commons-io-2.8.0.jar;C:\Users\admin\.m2\repository\com\google\code\gson\gson\2.8.6\gson-2.8.6.jar;C:\Users\admin\.m2\repository\org\apache\commons\commons-lang3\3.11\commons-lang3-3.11.jar;C:\Users\admin\.m2\repository\org\apache\httpcomponents\client5\httpclient5\5.0.3\httpclient5-5.0.3.jar;C:\Users\admin\.m2\repository\org\apache\httpcomponents\core5\httpcore5\5.0.2\httpcore5-5.0.2.jar;C:\Users\admin\.m2\repository\org\apache\httpcomponents\core5\httpcore5-h2\5.0.2\httpcore5-h2-5.0.2.jar;C:\Users\admin\.m2\repository\commons-codec\commons-codec\1.13\commons-codec-1.13.jar;C:\Users\admin\.m2\repository\org\rauschig\jarchivelib\1.1.0\jarchivelib-1.1.0.jar;C:\Users\admin\.m2\repository\org\apache\commons\commons-compress\1.20\commons-compress-1.20.jar;C:\Users\admin\.m2\repository\org\jsoup\jsoup\1.13.1\jsoup-1.13.1.jar;"/>
    <property name="java.vm.vendor" value="Oracle Corporation"/>
    <property name="sun.arch.data.model" value="64"/>
    <property name="user.variant" value=""/>
    <property name="java.vendor.url" value="http://java.oracle.com/"/>
    <property name="user.timezone" value="Asia/Calcutta"/>
    <property name="java.vm.specification.version" value="1.8"/>
    <property name="os.name" value="Windows 10"/>
    <property name="user.country" value="IN"/>
    <property name="sun.java.launcher" value="SUN_STANDARD"/>
    <property name="sun.boot.library.path" value="C:\Program Files\Java\jdk1.8.0_161\jre\bin"/>
    <property name="sun.java.command" value="C:\Windows\Temp\surefire6258467981660761399\surefirebooter3996034584271193933.jar C:\Windows\Temp\surefire6258467981660761399 2021-03-22T13-24-36_898-jvmRun1 surefire675530761404508524tmp surefire_02385044459924550567tmp"/>
    <property name="surefire.test.class.path" value="C:\Users\admin\eclipse-workspace\HTMLCanvasProject\target\test-classes;C:\Users\admin\eclipse-workspace\HTMLCanvasProject\target\classes;C:\Users\admin\.m2\repository\org\seleniumhq\selenium\selenium-java\4.0.0-beta-1\selenium-java-4.0.0-beta-1.jar;C:\Users\admin\.m2\repository\org\seleniumhq\selenium\selenium-api\4.0.0-beta-1\selenium-api-4.0.0-beta-1.jar;C:\Users\admin\.m2\repository\org\seleniumhq\selenium\selenium-chrome-driver\4.0.0-beta-1\selenium-chrome-driver-4.0.0-beta-1.jar;C:\Users\admin\.m2\repository\com\google\auto\service\auto-service-annotations\1.0-rc7\auto-service-annotations-1.0-rc7.jar;C:\Users\admin\.m2\repository\com\google\auto\service\auto-service\1.0-rc7\auto-service-1.0-rc7.jar;C:\Users\admin\.m2\repository\com\google\auto\auto-common\0.10\auto-common-0.10.jar;C:\Users\admin\.m2\repository\com\google\guava\guava\30.1-jre\guava-30.1-jre.jar;C:\Users\admin\.m2\repository\com\google\guava\failureaccess\1.0.1\failureaccess-1.0.1.jar;C:\Users\admin\.m2\repository\com\google\guava\listenablefuture\9999.0-empty-to-avoid-conflict-with-guava\listenablefuture-9999.0-empty-to-avoid-conflict-with-guava.jar;C:\Users\admin\.m2\repository\com\google\code\findbugs\jsr305\3.0.2\jsr305-3.0.2.jar;C:\Users\admin\.m2\repository\org\checkerframework\checker-qual\3.5.0\checker-qual-3.5.0.jar;C:\Users\admin\.m2\repository\com\google\errorprone\error_prone_annotations\2.3.4\error_prone_annotations-2.3.4.jar;C:\Users\admin\.m2\repository\com\google\j2objc\j2objc-annotations\1.3\j2objc-annotations-1.3.jar;C:\Users\admin\.m2\repository\org\seleniumhq\selenium\selenium-chromium-driver\4.0.0-beta-1\selenium-chromium-driver-4.0.0-beta-1.jar;C:\Users\admin\.m2\repository\org\seleniumhq\selenium\selenium-devtools\4.0.0-beta-1\selenium-devtools-4.0.0-beta-1.jar;C:\Users\admin\.m2\repository\org\seleniumhq\selenium\selenium-http\4.0.0-beta-1\selenium-http-4.0.0-beta-1.jar;C:\Users\admin\.m2\repository\org\seleniumhq\selenium\selenium-json\4.0.0-beta-1\selenium-json-4.0.0-beta-1.jar;C:\Users\admin\.m2\repository\org\seleniumhq\selenium\selenium-devtools-v86\4.0.0-beta-1\selenium-devtools-v86-4.0.0-beta-1.jar;C:\Users\admin\.m2\repository\org\seleniumhq\selenium\selenium-devtools-v87\4.0.0-beta-1\selenium-devtools-v87-4.0.0-beta-1.jar;C:\Users\admin\.m2\repository\org\seleniumhq\selenium\selenium-devtools-v88\4.0.0-beta-1\selenium-devtools-v88-4.0.0-beta-1.jar;C:\Users\admin\.m2\repository\org\seleniumhq\selenium\selenium-devtools-v89\4.0.0-beta-1\selenium-devtools-v89-4.0.0-beta-1.jar;C:\Users\admin\.m2\repository\org\seleniumhq\selenium\selenium-edge-driver\4.0.0-beta-1\selenium-edge-driver-4.0.0-beta-1.jar;C:\Users\admin\.m2\repository\org\seleniumhq\selenium\selenium-firefox-driver\4.0.0-beta-1\selenium-firefox-driver-4.0.0-beta-1.jar;C:\Users\admin\.m2\repository\org\seleniumhq\selenium\selenium-firefox-xpi-driver\4.0.0-beta-1\selenium-firefox-xpi-driver-4.0.0-beta-1.jar;C:\Users\admin\.m2\repository\org\seleniumhq\selenium\selenium-ie-driver\4.0.0-beta-1\selenium-ie-driver-4.0.0-beta-1.jar;C:\Users\admin\.m2\repository\org\seleniumhq\selenium\selenium-opera-driver\4.0.0-beta-1\selenium-opera-driver-4.0.0-beta-1.jar;C:\Users\admin\.m2\repository\org\seleniumhq\selenium\selenium-remote-driver\4.0.0-beta-1\selenium-remote-driver-4.0.0-beta-1.jar;C:\Users\admin\.m2\repository\io\netty\netty-buffer\4.1.58.Final\netty-buffer-4.1.58.Final.jar;C:\Users\admin\.m2\repository\io\netty\netty-codec-http\4.1.58.Final\netty-codec-http-4.1.58.Final.jar;C:\Users\admin\.m2\repository\io\netty\netty-codec\4.1.58.Final\netty-codec-4.1.58.Final.jar;C:\Users\admin\.m2\repository\io\netty\netty-handler\4.1.58.Final\netty-handler-4.1.58.Final.jar;C:\Users\admin\.m2\repository\io\netty\netty-common\4.1.58.Final\netty-common-4.1.58.Final.jar;C:\Users\admin\.m2\repository\io\netty\netty-transport-native-epoll\4.1.58.Final\netty-transport-native-epoll-4.1.58.Final.jar;C:\Users\admin\.m2\repository\io\netty\netty-transport-native-kqueue\4.1.58.Final\netty-transport-native-kqueue-4.1.58.Final.jar;C:\Users\admin\.m2\repository\io\netty\netty-transport-native-unix-common\4.1.58.Final\netty-transport-native-unix-common-4.1.58.Final.jar;C:\Users\admin\.m2\repository\io\netty\netty-transport\4.1.58.Final\netty-transport-4.1.58.Final.jar;C:\Users\admin\.m2\repository\io\netty\netty-resolver\4.1.58.Final\netty-resolver-4.1.58.Final.jar;C:\Users\admin\.m2\repository\io\opentelemetry\opentelemetry-api\0.14.1\opentelemetry-api-0.14.1.jar;C:\Users\admin\.m2\repository\io\opentelemetry\opentelemetry-context\0.14.1\opentelemetry-context-0.14.1.jar;C:\Users\admin\.m2\repository\io\opentelemetry\opentelemetry-exporter-logging\0.14.1\opentelemetry-exporter-logging-0.14.1.jar;C:\Users\admin\.m2\repository\io\opentelemetry\opentelemetry-sdk-metrics\0.14.1-alpha\opentelemetry-sdk-metrics-0.14.1-alpha.jar;C:\Users\admin\.m2\repository\io\opentelemetry\opentelemetry-sdk-common\0.14.1\opentelemetry-sdk-common-0.14.1.jar;C:\Users\admin\.m2\repository\io\opentelemetry\opentelemetry-sdk-trace\0.14.1\opentelemetry-sdk-trace-0.14.1.jar;C:\Users\admin\.m2\repository\io\opentelemetry\opentelemetry-api-metrics\0.14.1-alpha\opentelemetry-api-metrics-0.14.1-alpha.jar;C:\Users\admin\.m2\repository\io\opentelemetry\opentelemetry-sdk\0.14.1\opentelemetry-sdk-0.14.1.jar;C:\Users\admin\.m2\repository\io\opentelemetry\opentelemetry-semconv\0.14.1\opentelemetry-semconv-0.14.1.jar;C:\Users\admin\.m2\repository\net\bytebuddy\byte-buddy\1.10.19\byte-buddy-1.10.19.jar;C:\Users\admin\.m2\repository\org\apache\commons\commons-exec\1.3\commons-exec-1.3.jar;C:\Users\admin\.m2\repository\org\asynchttpclient\async-http-client\2.12.2\async-http-client-2.12.2.jar;C:\Users\admin\.m2\repository\org\asynchttpclient\async-http-client-netty-utils\2.12.2\async-http-client-netty-utils-2.12.2.jar;C:\Users\admin\.m2\repository\io\netty\netty-codec-socks\4.1.53.Final\netty-codec-socks-4.1.53.Final.jar;C:\Users\admin\.m2\repository\io\netty\netty-handler-proxy\4.1.53.Final\netty-handler-proxy-4.1.53.Final.jar;C:\Users\admin\.m2\repository\io\netty\netty-transport-native-epoll\4.1.53.Final\netty-transport-native-epoll-4.1.53.Final-linux-x86_64.jar;C:\Users\admin\.m2\repository\io\netty\netty-transport-native-kqueue\4.1.53.Final\netty-transport-native-kqueue-4.1.53.Final-osx-x86_64.jar;C:\Users\admin\.m2\repository\org\reactivestreams\reactive-streams\1.0.3\reactive-streams-1.0.3.jar;C:\Users\admin\.m2\repository\com\typesafe\netty\netty-reactive-streams\2.0.4\netty-reactive-streams-2.0.4.jar;C:\Users\admin\.m2\repository\com\sun\activation\jakarta.activation\1.2.2\jakarta.activation-1.2.2.jar;C:\Users\admin\.m2\repository\org\seleniumhq\selenium\selenium-safari-driver\4.0.0-beta-1\selenium-safari-driver-4.0.0-beta-1.jar;C:\Users\admin\.m2\repository\org\seleniumhq\selenium\selenium-support\4.0.0-beta-1\selenium-support-4.0.0-beta-1.jar;C:\Users\admin\.m2\repository\org\testng\testng\7.0.0\testng-7.0.0.jar;C:\Users\admin\.m2\repository\com\beust\jcommander\1.72\jcommander-1.72.jar;C:\Users\admin\.m2\repository\io\github\bonigarcia\webdrivermanager\4.3.1\webdrivermanager-4.3.1.jar;C:\Users\admin\.m2\repository\org\slf4j\slf4j-api\1.7.30\slf4j-api-1.7.30.jar;C:\Users\admin\.m2\repository\commons-io\commons-io\2.8.0\commons-io-2.8.0.jar;C:\Users\admin\.m2\repository\com\google\code\gson\gson\2.8.6\gson-2.8.6.jar;C:\Users\admin\.m2\repository\org\apache\commons\commons-lang3\3.11\commons-lang3-3.11.jar;C:\Users\admin\.m2\repository\org\apache\httpcomponents\client5\httpclient5\5.0.3\httpclient5-5.0.3.jar;C:\Users\admin\.m2\repository\org\apache\httpcomponents\core5\httpcore5\5.0.2\httpcore5-5.0.2.jar;C:\Users\admin\.m2\repository\org\apache\httpcomponents\core5\httpcore5-h2\5.0.2\httpcore5-h2-5.0.2.jar;C:\Users\admin\.m2\repository\commons-codec\commons-codec\1.13\commons-codec-1.13.jar;C:\Users\admin\.m2\repository\org\rauschig\jarchivelib\1.1.0\jarchivelib-1.1.0.jar;C:\Users\admin\.m2\repository\org\apache\commons\commons-compress\1.20\commons-compress-1.20.jar;C:\Users\admin\.m2\repository\org\jsoup\jsoup\1.13.1\jsoup-1.13.1.jar;"/>
    <property name="sun.cpu.endian" value="little"/>
    <property name="user.home" value="C:\Users\admin"/>
    <property name="user.language" value="en"/>
    <property name="java.specification.vendor" value="Oracle Corporation"/>
    <property name="java.home" value="C:\Program Files\Java\jdk1.8.0_161\jre"/>
    <property name="basedir" value="C:\Users\admin\eclipse-workspace\HTMLCanvasProject"/>
    <property name="file.separator" value="\"/>
    <property name="line.separator" value="&#10;"/>
    <property name="java.vm.specification.vendor" value="Oracle Corporation"/>
    <property name="java.specification.name" value="Java Platform API Specification"/>
    <property name="java.awt.graphicsenv" value="sun.awt.Win32GraphicsEnvironment"/>
    <property name="surefire.real.class.path" value="C:\Windows\Temp\surefire6258467981660761399\surefirebooter3996034584271193933.jar"/>
    <property name="sun.boot.class.path" value="C:\Program Files\Java\jdk1.8.0_161\jre\lib\resources.jar;C:\Program Files\Java\jdk1.8.0_161\jre\lib\rt.jar;C:\Program Files\Java\jdk1.8.0_161\jre\lib\sunrsasign.jar;C:\Program Files\Java\jdk1.8.0_161\jre\lib\jsse.jar;C:\Program Files\Java\jdk1.8.0_161\jre\lib\jce.jar;C:\Program Files\Java\jdk1.8.0_161\jre\lib\charsets.jar;C:\Program Files\Java\jdk1.8.0_161\jre\lib\jfr.jar;C:\Program Files\Java\jdk1.8.0_161\jre\classes"/>
    <property name="user.script" value=""/>
    <property name="sun.management.compiler" value="HotSpot 64-Bit Tiered Compilers"/>
    <property name="java.runtime.version" value="1.8.0_161-b12"/>
    <property name="user.name" value="admin"/>
    <property name="path.separator" value=";"/>
    <property name="os.version" value="10.0"/>
    <property name="java.endorsed.dirs" value="C:\Program Files\Java\jdk1.8.0_161\jre\lib\endorsed"/>
    <property name="java.runtime.name" value="Java(TM) SE Runtime Environment"/>
    <property name="file.encoding" value="Cp1252"/>
    <property name="java.vm.name" value="Java HotSpot(TM) 64-Bit Server VM"/>
    <property name="localRepository" value="C:\Users\admin\.m2\repository"/>
    <property name="java.vendor.url.bug" value="http://bugreport.sun.com/bugreport/"/>
    <property name="java.io.tmpdir" value="C:\WINDOWS\TEMP\"/>
    <property name="java.version" value="1.8.0_161"/>
    <property name="user.dir" value="C:\Users\admin\eclipse-workspace\HTMLCanvasProject"/>
    <property name="os.arch" value="amd64"/>
    <property name="java.vm.specification.name" value="Java Virtual Machine Specification"/>
    <property name="java.awt.printerjob" value="sun.awt.windows.WPrinterJob"/>
    <property name="sun.os.patch.level" value=""/>
    <property name="java.library.path" value="C:\Program Files\Java\jdk1.8.0_161\jre\bin;C:\WINDOWS\Sun\Java\bin;C:\WINDOWS\system32;C:\WINDOWS;C:/Program Files/Java/jre1.8.0_161/bin/server;C:/Program Files/Java/jre1.8.0_161/bin;C:/Program Files/Java/jre1.8.0_161/lib/amd64;C:\ProgramData\Oracle\Java\javapath;C:\app\admin\product\11.2.0\dbhome_1\bin;C:\Program Files (x86)\TRICENTIS\Tosca Testsuite\ToscaCommander;;C:\Program Files (x86)\TRICENTIS\Tosca Testsuite\Classic;C:\Program Files (x86)\TRICENTIS\Tosca Testsuite\Classic\dll;C:\Program Files (x86)\TRICENTIS\Tosca Testsuite\Classic\dll\GuptaEngine;C:\Program Files (x86)\TRICENTIS\Tosca Testsuite\ToscaCommander;C:\Program Files (x86)\TRICENTIS\Tosca Testsuite\Classic\dll\DelphiEngine;C:\Program Files (x86)\TRICENTIS\Tosca Testsuite\Classic\dll\PBEngine;C:\Program Files (x86)\TRICENTIS\Tosca Testsuite\Classic\dll\VBEngine;C:\Program Files (x86)\TRICENTIS\Tosca Testsuite\Classic\dll\DotNetHooking;;C:\Program Files (x86)\Common Files\Oracle\Java\javapath;C:\Program Files\Python37\Scripts\;C:\Program Files\Python37\;C:\WINDOWS\system32;C:\WINDOWS;C:\WINDOWS\System32\Wbem;C:\WINDOWS\System32\WindowsPowerShell\v1.0\;C:\WINDOWS\System32\OpenSSH\;C:\Program Files (x86)\Intel\Intel(R) Management Engine Components\DAL;C:\Program Files\Intel\Intel(R) Management Engine Components\DAL;C:\Program Files\TortoiseSVN\bin;C:\PROGRA~1\IBM\SQLLIB\BIN;C:\PROGRA~1\IBM\SQLLIB\FUNCTION;C:\PROGRA~1\IBM\SQLLIB\SAMPLES\REPL;C:\Users\admin\Downloads\apache-maven-3.6.3-bin\apache-maven-3.6.3\bin;C:\Program Files\dotnet\;C:\Users\admin\Downloads\galen-bin-2.4.4;C:\Users\admin\AppData\Local\Android\Sdk\platform-tools;C:\Users\admin\AppData\Local\Android\Sdk\tools;C:\Program Files (x86)\TRICENTIS\Tosca Testsuite\TBox\Appium;C:\Program Files\Java\jdk1.8.0_161\bin;C:\Program Files\Git\cmd;C:\Users\admin\Downloads\gradle-6.8.3-bin\gradle-6.8.3\bin;C:\Program Files\Java\jdk1.8.0_161;E:\eclipse-jee-2019-06-R-win32-x86_64\eclipse;;."/>
    <property name="java.vm.info" value="mixed mode"/>
    <property name="java.vendor" value="Oracle Corporation"/>
    <property name="java.vm.version" value="25.161-b12"/>
    <property name="java.ext.dirs" value="C:\Program Files\Java\jdk1.8.0_161\jre\lib\ext;C:\WINDOWS\Sun\Java\lib\ext"/>
    <property name="sun.io.unicode.encoding" value="UnicodeLittle"/>
    <property name="java.class.version" value="52.0"/>
  </properties>
  <testcase name="HtmlCanvasTesting" classname="htmlCanvasAutomationScript.HtmlDrawing" time="26.138"/>
</testsuite>