<?xml version="1.0" encoding="UTF-8"?>
<!-- Generated by org.testng.reporters.JUnitReportReporter -->
<testsuite skipped="0" hostname="RFLX-LPT-111" name="htmlCanvasAutomationScript.HtmlDrawing" tests="1" failures="0" timestamp="2021-03-22T13:25:05 IST" time="26.138" errors="0">
  <testcase name="HtmlCanvasTesting" time="26.138" classname="htmlCanvasAutomationScript.HtmlDrawing"/>
</testsuite> <!-- htmlCanvasAutomationScript.HtmlDrawing -->
